###############################################################
#  Generated by:      Cadence Innovus 21.15-s110_1
#  OS:                Linux x86_64(Host ID ra01)
#  Generated on:      Fri Nov 21 17:16:54 2025
#  Design:            DTMF_CHIP
#  Command:           checkDesign -all
###############################################################
Design: DTMF_CHIP

------ Design Summary:
Total Standard Cell Number   (cells) : 5738
Total Block Cell Number      (cells) : 4
Total I/O Pad Cell Number    (cells) : 71
Total Standard Cell Area     ( um^2) : 134110.47
Total Block Cell Area        ( um^2) : 366346.56
Total I/O Pad Cell Area      ( um^2) : 850700.00

------ Design Statistics:

Number of Instances            : 5813
Number of Non-uniquified Insts : 5795
Number of Nets                 : 6302
Average number of Pins per Net : 3.60
Maximum number of Pins in Net  : 74

------ I/O Port summary

Number of Primary I/O Ports    : 57
Number of Input Ports          : 28
Number of Output Ports         : 29
Number of Bidirectional Ports  : 0
Number of Power/Ground Ports   : 0



------------------------------------------------------------
Detail report:


------ I/O Pad/Port Checking


