01
08
2002
ACCUM_STAT_INST
ADD
ADDFHX2
ADDFHX4
ADDFHXL
ADDFX1
ADDFX2
ADDFX4
ADDFXL
ADDHX2
ADDHX4
ADDHXL
AFCSHCINX2
AFCSHCINX4
AFCSHCONX2
AFCSHCONX4
AFHCINX2
AFHCINX4
AFHCONX2
AFHCONX4
AHHCINX2
AHHCINX4
AHHCONX2
AHHCONX4
ALU_32_INST
AND2X2
AND2X4
AND2XL
AND3X2
AND3X4
AND3XL
AND4X2
AND4X4
AND4XL
AOI211X2
AOI211X4
AOI211XL
AOI21X2
AOI21X4
AOI21XL
AOI221X2
AOI221X4
AOI222X2
AOI222X4
AOI22X2
AOI22X4
AOI22XL
AOI2BB1X2
AOI2BB1X4
AOI2BB1XL
AOI2BB2X1
AOI2BB2X2
AOI2BB2X4
AOI2BB2XL
AOI31X2
AOI31X4
AOI31XL
AOI32X2
AOI32X4
AOI32XL
AOI33X2
AOI33X4
AOI33XL
ARB_INST
Ambit
Apr
BENCX1
BENCX2
BENCX4
BMXX1
BUFX12
BUFX16
BUFX20
BUFX4
BUFX8
BuildGates
CLKBUFX1
CLKBUFX12
CLKBUFX16
CLKBUFX20
CLKBUFX4
CLKBUFX8
CLKINVX1
CLKINVX12
CLKINVX16
CLKINVX2
CLKINVX20
CLKINVX3
CLKINVX4
CLKINVX8
CLKINVXL
CMPR22X1
CMPR32X1
CMPR42X1
CMPR42X2
DATA_BUS_MACH_INST
DATA_SAMPLE_MUX_INST
DECODE_INST
DFFHQX1
DFFHQX2
DFFHQX4
DFFHQXL
DFFNRX1
DFFNRX2
DFFNRX4
DFFNRXL
DFFNSRX1
DFFNSRX2
DFFNSRX4
DFFNSRXL
DFFNSX1
DFFNSX2
DFFNSX4
DFFNSXL
DFFNX1
DFFNX2
DFFNX4
DFFNXL
DFFRHQX2
DFFRHQX4
DFFRHQXL
DFFRX1
DFFRX2
DFFRX4
DFFRXL
DFFSHQX1
DFFSHQX2
DFFSHQX4
DFFSHQXL
DFFSRHQX1
DFFSRHQX2
DFFSRHQX4
DFFSRHQXL
DFFSRX1
DFFSRX2
DFFSRX4
DFFSRXL
DFFSX1
DFFSX2
DFFSX4
DFFSXL
DFFTRX1
DFFTRX2
DFFTRX4
DFFTRXL
DFFX1
DFFX2
DFFX4
DFFXL
DIGIT_REG_INST
DLY1X1
DLY2X1
DLY3X1
DLY4X1
DMA_INST
DTMF_CHIP
DTMF_INST
Distribution
EDA
EDFFTRX1
EDFFTRX2
EDFFTRX4
EDFFTRXL
EDFFX1
EDFFX2
EDFFX4
EDFFXL
EXECUTE_INST
Generated
HOLDX1
INVX12
INVX16
INVX2
INVX20
INVX3
INVX4
INVX8
IOPADS_INST
JKFFRX1
JKFFRX2
JKFFRX4
JKFFRXL
JKFFSRX1
JKFFSRX2
JKFFSRX4
JKFFSRXL
JKFFSX1
JKFFSX2
JKFFSX4
JKFFSXL
JKFFX1
JKFFX2
JKFFX4
JKFFXL
M16X16_INST
MPY_32_INST
MX2X2
MX2X4
MX2XL
MX4X1
MX4X2
MX4X4
MX4XL
MXI2X2
MXI2X4
MXI2XL
MXI4X1
MXI4X2
MXI4X4
MXI4XL
Mon
NAND2BX2
NAND2BX4
NAND2BXL
NAND2X2
NAND2X4
NAND2XL
NAND3BX2
NAND3BX4
NAND3BXL
NAND3X2
NAND3X4
NAND4BBX2
NAND4BBX4
NAND4BBXL
NAND4BX1
NAND4BX2
NAND4BX4
NAND4X2
NAND4X4
NAND4XL
NOR2BX2
NOR2BX4
NOR2BXL
NOR2X2
NOR2X4
NOR2XL
NOR3BX2
NOR3BX4
NOR3BXL
NOR3X2
NOR3X4
NOR3XL
NOR4BBX2
NOR4BBX4
NOR4BBXL
NOR4BX2
NOR4BX4
NOR4BXL
NOR4X2
NOR4X4
NOR4XL
OAI211X2
OAI211X4
OAI211XL
OAI21X2
OAI21X4
OAI221X1
OAI221X2
OAI221X4
OAI222X1
OAI222X2
OAI222X4
OAI22X2
OAI22X4
OAI22XL
OAI2BB1X2
OAI2BB1X4
OAI2BB1XL
OAI2BB2X2
OAI2BB2X4
OAI2BB2XL
OAI31X2
OAI31X4
OAI31XL
OAI32X2
OAI32X4
OAI32XL
OAI33X2
OAI33X4
OAI33XL
OR2X2
OR2X4
OR2XL
OR3X1
OR3X2
OR3X4
OR4X2
OR4X4
OR4XL
PDB04DGZ
PLLCLK_INST
PORT_BUS_MACH_INST
PROG_BUS_MACH_INST
PST
Pavdd0
Pavss0
Pcornerll
Pcornerlr
Pcornerul
Pcornerur
Pibiasip
Pintip
Ppllrstip
Prefclkip
Presetip
Pscanckip
Pscanenip
Pscanin1ip
Pscanin2ip
Pscanout1op
Pscanout2op
Pspidip
Pspifsip
Ptdigfgop
Ptdigop0
Ptdigop1
Ptdigop2
Ptdigop3
Ptdigop4
Ptdigop5
Ptdigop6
Ptdigop7
Ptdspip00
Ptdspip01
Ptdspip02
Ptdspip03
Ptdspip04
Ptdspip05
Ptdspip06
Ptdspip07
Ptdspip08
Ptdspip09
Ptdspip10
Ptdspip11
Ptdspip12
Ptdspip13
Ptdspip14
Ptdspip15
Ptdspop00
Ptdspop01
Ptdspop02
Ptdspop03
Ptdspop04
Ptdspop05
Ptdspop06
Ptdspop07
Ptdspop08
Ptdspop09
Ptdspop10
Ptdspop11
Ptdspop12
Ptdspop13
Ptdspop14
Ptdspop15
Ptestmdip
Pvcomop
Pvcopop
Pvdd0
Pvdd1
Pvdd2
Pvdd3
Pvss0
Pvss1
Pvss2
Pvss3
RAM_128x16_INST
RAM_128x16_TEST_INST
RAM_256x16_INST
RAM_256x16_TEST_INST
RESULTS_CONV_INST
RF1R1WX2
RF2R1WX2
RFRDX1
RFRDX2
RFRDX4
Restrictions
SDFFHQX2
SDFFHQX4
SDFFHQXL
SDFFNRX2
SDFFNRX4
SDFFNRXL
SDFFNSRX1
SDFFNSRX2
SDFFNSRX4
SDFFNSRXL
SDFFNSX1
SDFFNSX2
SDFFNSX4
SDFFNSXL
SDFFNX2
SDFFNX4
SDFFRHQX2
SDFFRHQX4
SDFFRHQXL
SDFFRX1
SDFFRX2
SDFFRX4
SDFFRXL
SDFFSHQX2
SDFFSHQX4
SDFFSHQXL
SDFFSRHQX1
SDFFSRHQX2
SDFFSRHQX4
SDFFSRHQXL
SDFFSRX1
SDFFSRX2
SDFFSRX4
SDFFSRXL
SDFFSX1
SDFFSX2
SDFFSX4
SDFFSXL
SDFFTRX1
SDFFTRX2
SDFFTRX4
SDFFTRXL
SDFFX1
SDFFX2
SDFFX4
SDFFXL
SEDFFHQX1
SEDFFHQX2
SEDFFHQX4
SEDFFHQXL
SEDFFTRX1
SEDFFTRX2
SEDFFTRX4
SEDFFTRXL
SEDFFX2
SEDFFX4
SEDFFXL
SPI_INST
TBUFIX1
TBUFIX12
TBUFIX16
TBUFIX2
TBUFIX20
TBUFIX3
TBUFIX4
TBUFIX8
TBUFIXL
TBUFX1
TBUFX12
TBUFX16
TBUFX2
TBUFX20
TBUFX3
TBUFX4
TBUFX8
TBUFXL
TDSP_CORE_GLUE_INST
TDSP_CORE_INST
TDSP_CORE_MACH_INST
TDSP_DS_CS_INST
TDSP_MUX
TEST_CONTROL_INST
TIEHI
TIELO
TLATNRX1
TLATNRX2
TLATNRX4
TLATNRXL
TLATNSRX1
TLATNSRX2
TLATNSRX4
TLATNSRXL
TLATNSX1
TLATNSX2
TLATNSX4
TLATNSXL
TLATNX1
TLATNX2
TLATNX4
TLATNXL
TLATRX1
TLATRX2
TLATRX4
TLATRXL
TLATSRX1
TLATSRX2
TLATSRX4
TLATSRXL
TLATSX1
TLATSX2
TLATSX4
TLATSXL
TLATX1
TLATX2
TLATX4
TLATXL
TTLATX1
TTLATX2
TTLATX4
TTLATXL
ULAW_LIN_CONV_INST
UNCONNECTED_002
UNCONNECTED_003
UNCONNECTED_004
UNCONNECTED_005
UNCONNECTED_006
UNCONNECTED_007
UNCONNECTED_008
UNCONNECTED_009
UNCONNECTED_010
UNCONNECTED_011
UNCONNECTED_012
UNCONNECTED_013
UNCONNECTED_014
UNCONNECTED_015
UNCONNECTED_016
XNOR2X2
XNOR2X4
XNOR2XL
XNOR3X2
XNOR3X4
XOR2X2
XOR2X4
XOR2XL
XOR3X2
XOR3X4
a_reg_0
a_reg_1
a_reg_2
a_reg_3
a_reg_4
a_reg_5
a_reg_6
a_reg_7
ac_shell
acc_reg_0
acc_reg_1
acc_reg_10
acc_reg_11
acc_reg_12
acc_reg_13
acc_reg_14
acc_reg_15
acc_reg_16
acc_reg_17
acc_reg_18
acc_reg_19
acc_reg_2
acc_reg_20
acc_reg_21
acc_reg_22
acc_reg_23
acc_reg_24
acc_reg_25
acc_reg_26
acc_reg_27
acc_reg_28
acc_reg_29
acc_reg_3
acc_reg_30
acc_reg_31
acc_reg_32
acc_reg_4
acc_reg_5
acc_reg_6
acc_reg_7
acc_reg_8
acc_reg_9
agreement
alu_cmd_reg_0
alu_cmd_reg_1
alu_cmd_reg_2
alu_cmd_reg_3
ar0_reg_0
ar0_reg_1
ar0_reg_10
ar0_reg_11
ar0_reg_12
ar0_reg_13
ar0_reg_14
ar0_reg_15
ar0_reg_2
ar0_reg_3
ar0_reg_4
ar0_reg_5
ar0_reg_6
ar0_reg_7
ar0_reg_8
ar0_reg_9
ar1_reg_0
ar1_reg_1
ar1_reg_10
ar1_reg_11
ar1_reg_12
ar1_reg_13
ar1_reg_14
ar1_reg_15
ar1_reg_2
ar1_reg_3
ar1_reg_4
ar1_reg_5
ar1_reg_6
ar1_reg_7
ar1_reg_8
ar1_reg_9
are
arp_reg
b055
bit_cnt_reg_0
bit_cnt_reg_1
bit_cnt_reg_2
bit_cnt_reg_3
branch_stall_delay_reg
branch_stall_reg
breq_reg
bus_request_reg
by
clear_flag_reg
concerning
covered
decode_reg_0
decode_reg_1
decode_reg_10
decode_reg_11
decode_reg_12
decode_reg_13
decode_reg_14
decode_reg_15
decode_reg_2
decode_reg_3
decode_reg_4
decode_reg_5
decode_reg_6
decode_reg_7
decode_reg_8
decode_reg_9
decode_skip_one_reg
dflag_reg
digit_clk_reg
digit_out_reg_0
digit_out_reg_1
digit_out_reg_2
digit_out_reg_3
digit_out_reg_4
digit_out_reg_5
digit_out_reg_6
digit_out_reg_7
dma_grant_reg
dmov_inc_reg
dout_flag_reg
dp_reg
fetch_branch_reg
flag_out_reg
go_reg
gt_reg
high_mag_reg_0
high_mag_reg_1
high_mag_reg_10
high_mag_reg_11
high_mag_reg_12
high_mag_reg_13
high_mag_reg_14
high_mag_reg_15
high_mag_reg_2
high_mag_reg_3
high_mag_reg_4
high_mag_reg_5
high_mag_reg_6
high_mag_reg_7
high_mag_reg_8
high_mag_reg_9
high_reg_0
high_reg_1
high_reg_2
i_08992
i_08993
i_08994
i_08995
i_08996
i_08997
i_08998
i_08999
i_09003
i_09004
i_09006
i_09007
i_09009
i_1000
i_10000
i_10004
i_10007
i_10013
i_10014
i_10015
i_10017
i_10019
i_1002
i_10021
i_10027
i_10028
i_10029
i_10030
i_10032
i_1004
i_10048
i_10050
i_10055
i_10058
i_10072
i_10074
i_10077
i_10084
i_1008576
i_1008605
i_10087
i_10089
i_1009
i_10091
i_10093
i_10095
i_10097
i_10099
i_1010
i_10100
i_10103
i_10107
i_10108
i_10113
i_10115
i_10116
i_10119
i_10121
i_10123
i_10126
i_10129
i_10131
i_10134
i_101364
i_10137
i_10139
i_10142
i_10145
i_10149
i_10151
i_10155
i_10157
i_1016
i_10160
i_10163
i_10168
i_10173
i_101732
i_10177
i_1018
i_10181
i_10184
i_1018577
i_1018606
i_10187
i_10194
i_10197
i_10203
i_10206
i_10208
i_10211
i_10213
i_10214
i_10218
i_10221
i_10223
i_10225
i_10227
i_10228
i_1023
i_10230
i_10232
i_10242
i_10244
i_10246
i_10248
i_10250
i_10252
i_10254
i_10257
i_10259
i_1026
i_10261
i_10263
i_10269
i_10270
i_10274
i_10276
i_10279
i_1028578
i_1028607
i_10287
i_10289
i_10291
i_10293
i_10295
i_1030
i_1031
i_1033
i_1035
i_10357
i_10358
i_1036
i_10360
i_10362
i_10364
i_10371
i_10379
i_1038
i_10380
i_10384
i_1038579
i_10386
i_10388
i_1039
i_1041
i_10414
i_1041884
i_1043
i_1045
i_1046
i_1047
i_1048
i_1049
i_1050
i_1051885
i_1052
i_1054
i_1057
i_1058
i_1060
i_1061
i_1061886
i_1062
i_10629
i_10630
i_10632
i_10633
i_10635
i_10636
i_10638
i_10639
i_10641
i_10642
i_10644
i_10645
i_10647
i_10648
i_1065
i_10650
i_10651
i_1066
i_1067
i_1069
i_1071887
i_1074
i_1075
i_1077
i_1079
i_1081888
i_1083
i_1085
i_1086
i_1089
i_1091
i_1091889
i_1092
i_1094
i_1095
i_1099
i_1101
i_1101890
i_1102
i_1103
i_1104
i_1106
i_1107
i_1108
i_1109
i_1110
i_1111891
i_1113
i_111365
i_1115
i_1116
i_1117
i_1121
i_1126
i_1132
i_1133
i_1134
i_1135
i_1137
i_1138
i_1143
i_1144
i_1148
i_1149
i_1152
i_1153
i_1155
i_1158
i_1159
i_1160
i_1161
i_1162
i_1168
i_1171
i_1172
i_1173
i_11787
i_1181
i_1184
i_1186
i_1189
i_1190
i_1191
i_1195
i_11967
i_1198
i_12042
i_1206
i_1211
i_12117
i_121366
i_1215
i_1216
i_1223
i_1226
i_1228
i_1230
i_1231
i_1232
i_1233
i_1234
i_1239
i_1240
i_1242
i_1243
i_1245
i_1246
i_1247
i_1250
i_1252
i_1254
i_1256
i_1258
i_1261
i_1265
i_1268
i_1270
i_1271
i_1272
i_1273
i_1275
i_1277
i_1281
i_1282
i_1283
i_1284
i_1286
i_1288
i_1289
i_1291483
i_1295
i_1296
i_1297
i_1298
i_1300
i_1301484
i_1306
i_1311
i_1311485
i_1313
i_131367
i_1316
i_1317
i_1321486
i_1323
i_1324
i_1329
i_1331487
i_1332
i_1333
i_1334
i_1335
i_1340
i_1341488
i_1342
i_1346
i_1350
i_1351489
i_1353
i_1356
i_1357
i_1358
i_1359
i_1361490
i_1362
i_1363
i_1364
i_1365
i_1366
i_1367
i_1368
i_1369
i_1370
i_1371
i_1371491
i_1372
i_1373
i_1380
i_1381
i_1381492
i_1382
i_1384
i_1389
i_1391493
i_1393
i_1394
i_1396
i_1399
i_1401494
i_1402
i_1403
i_1404
i_1405
i_1408
i_1409
i_1410
i_1411495
i_141368
i_1415
i_1416
i_1418
i_1419
i_1421496
i_1423
i_1424
i_1424703
i_1425309
i_1425713
i_1426319
i_1426521
i_1426975
i_1427548
i_1429
i_1430
i_1431497
i_1434
i_1435
i_1437
i_1441
i_1441498
i_1441918
i_1442
i_1443
i_1444
i_1445
i_1448
i_1449
i_1450
i_1451499
i_1452
i_1453
i_1455
i_1456
i_1457
i_1458
i_1459
i_1461
i_1461500
i_1461920
i_1462
i_1464
i_1466
i_1467
i_1469
i_1471501
i_1471921
i_1473
i_1474
i_1475
i_1476
i_1480
i_1481502
i_1481922
i_1484
i_1485
i_1487
i_1488
i_1489
i_1490
i_1491
i_1491503
i_1491923
i_1492
i_1493
i_1497
i_1501
i_1501504
i_1501924
i_1502
i_1504
i_1505317
i_1505721
i_1506
i_1506327
i_1506529
i_1506983
i_1511505
i_1511925
i_1512
i_1513
i_151369
i_1514
i_1519
i_1520
i_1521506
i_1521926
i_152250
i_1531
i_1531507
i_1531927
i_1533
i_1534
i_1537
i_1539
i_1541508
i_1541928
i_1544
i_1545
i_1547
i_1549
i_1550
i_1551509
i_1551929
i_1552
i_1555
i_1556
i_1558
i_1559
i_1560
i_1561510
i_1561930
i_1562
i_1563
i_1564
i_1566
i_1569
i_1571931
i_1572
i_1573
i_1578
i_1580
i_1582
i_1587
i_1587204
i_1589
i_159005
i_1596
i_1597
i_1599
i_1601
i_1602
i_1607
i_1607206
i_1609
i_1610
i_1611
i_1613
i_161370
i_1614
i_1617207
i_1618
i_1620
i_1621
i_162251
i_1624
i_1627208
i_1628
i_1631
i_1631515
i_1632
i_1636
i_1637209
i_1639
i_1641516
i_1642
i_1643
i_1647210
i_1648
i_1650
i_1651
i_1651517
i_1652
i_1653
i_1654
i_1655
i_1657211
i_1659
i_1661
i_1661518
i_1665
i_1667212
i_1668
i_1671
i_1671519
i_1672
i_1675
i_1676
i_1677213
i_1679
i_1680
i_1687214
i_1691
i_1694
i_1697215
i_1698
i_1701
i_1702
i_1705
i_1707216
i_1712
i_171371
i_1717217
i_1719
i_172252
i_1726
i_1727218
i_1731
i_1733
i_1737219
i_1740
i_1747
i_1747220
i_1750
i_1753
i_1754
i_1756
i_1757221
i_1761
i_1763
i_1765
i_1767222
i_1768
i_1775
i_1777223
i_1782
i_1787224
i_1789
i_1790
i_1796
i_1797225
i_1798
i_1798649
i_1798667
i_1799
i_1806
i_1807226
i_1808
i_1808650
i_1808668
i_1809
i_181372
i_1814
i_181705
i_1817227
i_1818
i_1818651
i_181983
i_1820
i_1821
i_182213
i_182253
i_1823
i_1827228
i_1831
i_1832
i_1833152
i_1834736
i_1837229
i_1838
i_1839
i_1846
i_1847230
i_1852
i_1853
i_1857231
i_1858
i_1859
i_1860
i_1866
i_1867
i_1867232
i_1873
i_1874
i_1877233
i_1880
i_1881
i_1887
i_1887234
i_1888
i_1894
i_1895
i_1897235
i_19000
i_19001
i_19008
i_1901
i_1902
i_1908
i_1909
i_191373
i_1915
i_1916
i_192059
i_1922
i_192254
i_1923
i_1929
i_1930
i_1935
i_1936
i_1967240
i_1977241
i_1987
i_1995755
i_1996361
i_1997017
i_1997243
i_2007244
i_201374
i_2017245
i_202255
i_2027246
i_2037247
i_2047248
i_2057249
i_2067250
i_2077251
i_2087252
i_209010
i_2097253
i_21014
i_21022
i_21039
i_2107254
i_21079
i_21123
i_211375
i_2117255
i_212215
i_212256
i_2127256
i_2132
i_21349
i_21359
i_2136
i_2137257
i_2147258
i_2154
i_2157259
i_2167260
i_2177261
i_2187262
i_2194
i_2197263
i_220
i_2207
i_221376
i_222216
i_22222
i_222257
i_2232
i_2254
i_2257265
i_2267266
i_2277267
i_228675
i_2287268
i_231377
i_2322767
i_2323373
i_2323948
i_2325159
i_2325967
i_2326169
i_2326573
i_2327272
i_2385
i_241378
i_242258
i_2440
i_2445
i_2462
i_2471
i_2475
i_248225
i_248240
i_248256
i_248287
i_248350
i_248398
i_2487288
i_2507
i_2507290
i_251379
i_252259
i_258226
i_258241
i_258257
i_258288
i_258351
i_258399
i_261380
i_262260
i_2655
i_268227
i_268242
i_268258
i_268289
i_268352
i_268400
i_2698
i_271381
i_272261
i_278228
i_278243
i_278259
i_278290
i_278306
i_278353
i_278401
i_2796
i_2797
i_2811
i_281382
i_282262
i_2860
i_2874
i_2879002
i_288229
i_288244
i_288260
i_288291
i_288354
i_288402
i_291383
i_2924
i_2925
i_298230
i_298245
i_298261
i_298292
i_298307
i_298355
i_298403
i_303
i_3032
i_3034
i_3035
i_3036
i_3037
i_3038
i_3039
i_3040
i_3041
i_3042
i_3043
i_3044
i_3045
i_3046
i_3047
i_3048
i_3049
i_3050
i_3051
i_3052
i_3053
i_3054
i_3055
i_3056
i_3057
i_3058
i_3059
i_3060
i_3061
i_3062
i_3063
i_3064
i_3065
i_3066
i_3067
i_308231
i_308246
i_308262
i_308293
i_308308
i_308356
i_308404
i_309
i_311
i_3117
i_312
i_313
i_31360
i_314
i_3157
i_316
i_318232
i_318247
i_318263
i_318294
i_318309
i_318357
i_318405
i_321386
i_32206
i_325
i_3282
i_328248
i_328264
i_328295
i_328310
i_328358
i_328406
i_331387
i_3316
i_3317
i_3318
i_3339
i_3342
i_3344
i_3349
i_3351
i_3352
i_3357
i_3364
i_337080
i_3371
i_3372
i_3378
i_3380
i_338233
i_338249
i_338265
i_338296
i_338311
i_338359
i_338407
i_3385
i_3386
i_341388
i_341819
i_342149
i_342308
i_347081
i_348234
i_348250
i_348266
i_348297
i_3483
i_348312
i_348360
i_348408
i_3501
i_351389
i_3521
i_357082
i_3576
i_358235
i_358251
i_358267
i_358298
i_358313
i_358361
i_358409
i_361390
i_361721
i_361755
i_361999
i_3621
i_3623
i_3630
i_3635
i_3636
i_3659
i_3664
i_3666
i_367083
i_3671
i_3673
i_3678
i_368236
i_368252
i_368268
i_368299
i_368314
i_368362
i_368410
i_3685
i_3692
i_3699
i_3706
i_3713
i_371391
i_371722
i_3720
i_372000
i_372075
i_3727
i_3732
i_3735
i_3737
i_3743
i_3748
i_3751
i_3758
i_3765
i_377084
i_3772
i_3779
i_378237
i_378253
i_378269
i_378300
i_378315
i_378363
i_378411
i_3786
i_3793
i_3795
i_3800
i_3802
i_381392
i_381723
i_382001
i_382076
i_3828
i_3830
i_3842
i_387
i_387085
i_3880
i_388238
i_388254
i_388270
i_388301
i_388316
i_388364
i_388412
i_391393
i_3949
i_3958
i_3965
i_3966
i_397086
i_3971
i_3973
i_398239
i_398255
i_398302
i_400
i_401394
i_4043
i_407087
i_4078
i_4092
i_4094
i_4099
i_410
i_4100
i_4106
i_4107
i_411
i_4113
i_411395
i_4115
i_4129
i_4136
i_414
i_417088
i_4206
i_421396
i_42207
i_424
i_427089
i_4271
i_4281
i_4284
i_4288
i_4291
i_4294
i_4297
i_4300
i_4303
i_4306
i_4309
i_431397
i_4357
i_4359
i_4360
i_4361
i_4363
i_4367
i_437090
i_4374
i_4375
i_4377415
i_4380
i_4383
i_4386
i_4388
i_4401
i_4403
i_4405
i_4406
i_441398
i_4458
i_4463
i_447091
i_451399
i_4547
i_457092
i_461400
i_4655
i_4659
i_4663
i_4666
i_4670
i_467093
i_4673
i_4676
i_4678
i_4693
i_4697
i_4701
i_4705
i_4708
i_4711
i_4714
i_471401
i_4716
i_4720
i_4731
i_4733
i_4748
i_4753
i_4761
i_477094
i_481402
i_4849
i_4854
i_4859
i_4864
i_4869
i_487095
i_4874
i_4879
i_4884
i_4889
i_4894
i_4899
i_4904
i_4909
i_4914
i_491403
i_4919
i_4924
i_4927
i_4929
i_493
i_4931
i_4933
i_4935
i_4937
i_4939
i_4943
i_4945
i_497096
i_4982
i_499
i_501404
i_5018
i_503
i_507097
i_5089
i_511405
i_517098
i_5176
i_5177
i_5178
i_5178960
i_5179
i_5180
i_5181
i_5182
i_5183
i_5184
i_5185
i_5186
i_5188
i_5188961
i_5189
i_5190
i_5192
i_5193
i_5194
i_5195
i_5196
i_5197
i_5198
i_5198962
i_5199
i_5200
i_5201
i_5202
i_5203
i_5204
i_5205
i_5206
i_5207
i_5208
i_5208963
i_5212
i_5214
i_521406
i_5218964
i_5219
i_52208
i_5223
i_5226
i_5228965
i_5238
i_5238966
i_5240
i_5247
i_5248967
i_5254
i_5257
i_5258968
i_5261
i_5268
i_5268969
i_527099
i_5275
i_5278970
i_5282
i_5288971
i_5289
i_5296
i_5298972
i_5303
i_5308973
i_5310
i_531407
i_5317
i_5318974
i_5324
i_5328975
i_5331
i_5338
i_5338976
i_5340
i_5345
i_5346
i_5348977
i_5352
i_5356
i_5357
i_5358
i_5358978
i_5359
i_5368979
i_5369
i_537100
i_5373
i_5378980
i_5380
i_5387
i_5388981
i_5394
i_5398982
i_5401
i_5408
i_5408983
i_5409
i_5412
i_541408
i_5418
i_5418984
i_5419
i_5422
i_5427
i_5428985
i_5429
i_5434
i_5436
i_5438986
i_5441
i_5443
i_5448
i_5448987
i_5450
i_5455
i_5457
i_5458988
i_5462
i_5464
i_5468989
i_5469
i_5471
i_547101
i_5473
i_5476
i_5478
i_5478990
i_5480
i_5483
i_5485
i_5486
i_5488991
i_549
i_5490
i_5494
i_5497
i_5504
i_5511
i_551409
i_5518
i_552
i_552167
i_5525
i_5532
i_557102
i_560
i_561410
i_562
i_562016
i_562091
i_562168
i_563
i_564
i_5659
i_5660
i_5661
i_5662
i_5663
i_567103
i_568625
i_571411
i_572
i_572017
i_572169
i_573
i_577104
i_578618
i_578626
i_581412
i_581765
i_582018
i_582093
i_582170
i_587105
i_588
i_588619
i_588627
i_591413
i_592094
i_597106
i_598628
i_600
i_601414
i_602095
i_603
i_607107
i_608621
i_608629
i_6102
i_6103
i_6104
i_6105
i_6106
i_6107
i_6108
i_6109
i_6110
i_6111
i_6112
i_6113
i_6114
i_611415
i_6115
i_6116
i_6117
i_6118
i_6119
i_612
i_6120
i_612096
i_6121
i_6122
i_6123
i_6124
i_6125
i_6126
i_6127
i_6128
i_6129
i_6130
i_6131
i_6132
i_6133
i_61361
i_6145
i_6152
i_6159
i_616
i_6166
i_617108
i_6173
i_6180
i_618630
i_6187
i_6194
i_6201
i_6208
i_621
i_6215
i_622097
i_6222
i_6229
i_6236
i_624
i_6243
i_625
i_6250
i_6286
i_628623
i_628631
i_6310
i_6322
i_6323
i_6324
i_6325
i_6330
i_6335
i_6340
i_6350
i_6351
i_6352
i_6356
i_6358
i_6363
i_6364
i_6370
i_6372
i_6377
i_6379
i_6384
i_6385
i_6386
i_638624
i_638632
i_639
i_6390
i_6391
i_6393
i_6395
i_6398
i_6407
i_6410
i_6412
i_6414
i_6415
i_6419
i_6420
i_6421
i_6425
i_6426
i_6428
i_6430
i_6433
i_644
i_6442
i_6445
i_6447
i_6449
i_6454
i_6456
i_6461
i_6463
i_6468
i_6475
i_6482
i_6489
i_6496
i_650
i_6503
i_6510
i_6517
i_652
i_6524
i_6531
i_6538
i_654
i_6545
i_6552
i_6559
i_6566
i_657112
i_6573
i_6580
i_6587
i_659
i_6594
i_6601
i_6608
i_6615
i_6622
i_6629
i_6636
i_6643
i_6650
i_6657
i_6664
i_6671
i_667113
i_6678
i_6685
i_6692
i_6699
i_6706
i_6713
i_671598
i_6720
i_6727
i_673
i_6734
i_6741
i_6748
i_6755
i_6762
i_6769
i_677114
i_6776
i_6783
i_679
i_6790
i_6797
i_680
i_6804
i_6811
i_6818
i_681851
i_6825
i_6832
i_6839
i_6846
i_6853
i_6860
i_6867
i_687115
i_6874
i_6881
i_6888
i_6895
i_6902
i_6909
i_6916
i_6918
i_691852
i_692179
i_6923
i_6925
i_6932
i_6933
i_6934
i_6935
i_6936
i_6939
i_6944
i_6946
i_6951
i_6953
i_6958
i_6960
i_6965
i_6967
i_697116
i_6972
i_6973
i_6979
i_6981
i_6986
i_6988
i_6993
i_6995
i_7000
i_7002
i_7007
i_7009
i_7014
i_7016
i_701853
i_7021
i_702180
i_7022
i_7028
i_7030
i_7035
i_7037
i_7042
i_7044
i_7049
i_7051
i_7056
i_7058
i_7063
i_7065
i_7070
i_707117
i_7072
i_7077
i_7079
i_7084
i_7086
i_7091
i_7093
i_7098
i_7099
i_7105
i_7107
i_7112
i_7114
i_711854
i_7119
i_7121
i_712181
i_7126
i_7128
i_713
i_7131
i_7133
i_7135
i_7140
i_7147
i_7154
i_71546
i_7161
i_7168
i_717118
i_7175
i_7182
i_7189
i_719
i_7196
i_7203
i_7210
i_7217
i_7224
i_7231
i_7238
i_7245
i_7259
i_7266
i_7267
i_727119
i_7273
i_7280
i_728548
i_728580
i_7287
i_7288
i_7294
i_7301
i_7302
i_7308
i_7309
i_7315
i_7316
i_7322
i_7323
i_7329
i_7330
i_7336
i_7337
i_7343
i_7344
i_7350
i_7351
i_7357
i_7358
i_7364
i_7365
i_7371
i_737120
i_7372
i_7378
i_7379
i_7385
i_738549
i_738581
i_7386
i_7392
i_7393
i_7399
i_7400
i_7406
i_7407
i_7413
i_742
i_7420
i_7427
i_7434
i_7441
i_7448
i_7455
i_7462
i_7469
i_747121
i_7476
i_7483
i_748550
i_748582
i_7490
i_7497
i_7504
i_7511
i_7518
i_7525
i_7527
i_7532
i_7539
i_7546
i_7553
i_7560
i_7567
i_757
i_757122
i_7574
i_7583
i_758551
i_758583
i_7588
i_7590
i_7617
i_7618
i_7624
i_7625
i_7631
i_7632
i_7638
i_7639
i_7645
i_7646
i_7652
i_7653
i_7659
i_7660
i_7666
i_7667
i_767123
i_7673
i_7675
i_7680
i_7682
i_768552
i_768584
i_7687
i_769
i_7694
i_7701
i_7708
i_7715
i_7722
i_7729
i_773
i_7738
i_777124
i_778553
i_778585
i_787125
i_788554
i_788586
i_796
i_797126
i_798555
i_798587
i_802
i_803
i_805
i_807
i_807127
i_808556
i_808588
i_813
i_81362
i_81615
i_817128
i_818557
i_818589
i_822
i_823
i_82315
i_827129
i_828558
i_828590
i_832
i_836
i_837
i_837130
i_838559
i_838591
i_840
i_843
i_845
i_847131
i_848560
i_848592
i_849
i_852
i_855
i_856840
i_857132
i_858
i_858561
i_858593
i_860
i_861
i_862
i_863
i_864
i_867
i_867133
i_868562
i_868594
i_872
i_873
i_874
i_876
i_877134
i_878563
i_878595
i_879
i_887135
i_888
i_888564
i_888596
i_892
i_894
i_897136
i_898565
i_898597
i_902
i_906
i_907137
i_908566
i_908598
i_910
i_912
i_91363
i_914
i_916
i_917138
i_918567
i_918599
i_920
i_923
i_9262
i_9263
i_9264
i_9265
i_9266
i_9267
i_9269
i_927
i_9270
i_9271
i_927139
i_9272
i_9273
i_9274
i_9275
i_9276
i_9277
i_9278
i_9279
i_928
i_9280
i_9281
i_9282
i_9283
i_9284
i_9285
i_928568
i_9286
i_928600
i_9287
i_9288
i_9289
i_929
i_9290
i_9291
i_9292
i_9293
i_9294
i_9295
i_9296
i_9297
i_9298
i_9299
i_930
i_9300
i_9301
i_9302
i_9303
i_9304
i_9305
i_9306
i_9307
i_9308
i_9309
i_931
i_9310
i_9311
i_9312
i_9313
i_9314
i_9315
i_9316
i_9317
i_9318
i_9319
i_9320
i_9321
i_9322
i_9323
i_9324
i_9325
i_9326
i_9327
i_9328
i_9329
i_9330
i_9331
i_9332
i_9333
i_9334
i_9335
i_9336
i_9337
i_9338
i_9339
i_9340
i_9341
i_9342
i_9343
i_9344
i_9345
i_9346
i_9347
i_9348
i_9349
i_935
i_9350
i_9351
i_9352
i_9353
i_9354
i_9355
i_9356
i_9357
i_9358
i_9359
i_9360
i_9361
i_9362
i_9363
i_9364
i_9365
i_9366
i_9367
i_9368
i_9369
i_937
i_9370
i_9371
i_937140
i_9372
i_9373
i_9374
i_9375
i_9376
i_9377
i_9378
i_9379
i_938
i_9380
i_9381
i_9382
i_9383
i_9384
i_9385
i_938569
i_9386
i_938601
i_9387
i_9388
i_9389
i_9390
i_9391
i_9392
i_9393
i_9394
i_9395
i_9396
i_9397
i_9398
i_9399
i_9400
i_9401
i_9402
i_9403
i_9404
i_9405
i_9406
i_9407
i_9408
i_9409
i_941
i_9410
i_9411
i_9412
i_9413
i_9414
i_9415
i_9416
i_9417
i_9418
i_9419
i_942
i_9420
i_9421
i_9422
i_9423
i_9424
i_9425
i_943
i_944
i_946
i_9464
i_9474
i_9476
i_9479
i_9483
i_9485
i_948570
i_9486
i_948602
i_9488
i_949
i_9490
i_9491
i_9499
i_9504
i_951
i_9521
i_9525
i_9527
i_9529
i_9530
i_9532
i_9533
i_9535
i_9536
i_9538
i_9539
i_9541
i_9542
i_9544
i_9545
i_9547
i_9548
i_955
i_9550
i_9551
i_9553
i_9554
i_9558
i_9559
i_956
i_9560
i_9562
i_9563
i_9567
i_9568
i_9569
i_9573
i_9576
i_9577
i_9578
i_9582
i_9583
i_9584
i_958571
i_9588
i_9589
i_959
i_9590
i_9592
i_9593
i_9597
i_9600
i_9601
i_9602
i_9604
i_9605
i_9607
i_9608
i_9610
i_9611
i_9613
i_9614
i_9616
i_9617
i_9619
i_9620
i_9622
i_9623
i_963
i_9643
i_9644
i_9646
i_9647
i_9649
i_9650
i_9652
i_9653
i_9655
i_9656
i_9658
i_9659
i_9661
i_9662
i_9664
i_9665
i_9667
i_9668
i_9670
i_9671
i_9673
i_9674
i_9676
i_9677
i_9679
i_968
i_9680
i_9682
i_9683
i_9685
i_968572
i_9686
i_968603
i_9688
i_9689
i_9691
i_9692
i_9694
i_9695
i_9697
i_9698
i_9700
i_9701
i_9703
i_9704
i_9706
i_9707
i_9709
i_9710
i_9712
i_9713
i_9715
i_9716
i_9718
i_9719
i_9721
i_9722
i_9724
i_9725
i_9727
i_9728
i_9730
i_9731
i_9733
i_9734
i_9736
i_9737
i_9739
i_9740
i_9742
i_9743
i_9745
i_9746
i_9748
i_9749
i_9752
i_9753
i_9755
i_9756
i_9758
i_9759
i_976
i_9761
i_9762
i_9764
i_9765
i_9767
i_9768
i_977
i_9773
i_9777
i_9781
i_9785
i_978573
i_9789
i_9793
i_9797
i_9801
i_9805
i_9809
i_9813
i_9817
i_982
i_9821
i_9825
i_9829
i_983
i_9833
i_9837
i_9839
i_984
i_9841
i_9842
i_9843
i_9844
i_9845
i_985
i_9851
i_9852
i_9853
i_9854
i_9855
i_9856
i_9857
i_9858
i_9859
i_9860
i_9861
i_9862
i_9863
i_9864
i_9866
i_9867
i_9868
i_9869
i_9870
i_9871
i_9872
i_9873
i_9874
i_9875
i_9876
i_9877
i_9878
i_9879
i_988
i_9883
i_988574
i_9886
i_9890
i_9891
i_9893
i_9894
i_9897
i_9898
i_990
i_9917
i_9918
i_9919
i_9926
i_9927
i_9931
i_9933
i_9934
i_9936
i_9937
i_994
i_995
i_9954
i_9957
i_9961
i_9963
i_9965
i_9966
i_9967
i_998
i_998575
i_998604
i_9989
i_9990
i_9992
i_9997
in
ir_reg_0
ir_reg_1
ir_reg_10
ir_reg_11
ir_reg_12
ir_reg_13
ir_reg_14
ir_reg_15
ir_reg_2
ir_reg_3
ir_reg_4
ir_reg_5
ir_reg_6
ir_reg_7
ir_reg_8
ir_reg_9
is
license
low_mag_reg_0
low_mag_reg_1
low_mag_reg_10
low_mag_reg_11
low_mag_reg_12
low_mag_reg_13
low_mag_reg_14
low_mag_reg_15
low_mag_reg_2
low_mag_reg_3
low_mag_reg_4
low_mag_reg_5
low_mag_reg_6
low_mag_reg_7
low_mag_reg_8
low_mag_reg_9
low_reg_0
low_reg_1
low_reg_2
null_op_reg0
of
ok_reg
on
out_p1_reg_0
out_p1_reg_1
out_p1_reg_2
out_p1_reg_3
out_p1_reg_4
out_p1_reg_5
out_p1_reg_6
out_p1_reg_7
out_p2_reg_0
out_p2_reg_1
out_p2_reg_2
out_p2_reg_3
out_p2_reg_4
out_p2_reg_5
out_p2_reg_6
out_p2_reg_7
ov_flag_reg
ovm_reg
p_reg_0
p_reg_1
p_reg_10
p_reg_11
p_reg_12
p_reg_13
p_reg_14
p_reg_15
p_reg_16
p_reg_17
p_reg_18
p_reg_19
p_reg_2
p_reg_20
p_reg_21
p_reg_22
p_reg_23
p_reg_24
p_reg_25
p_reg_26
p_reg_27
p_reg_28
p_reg_29
p_reg_3
p_reg_30
p_reg_31
p_reg_4
p_reg_5
p_reg_6
p_reg_7
p_reg_8
p_reg_9
party
pc_acc_reg
pc_reg_0
pc_reg_1
pc_reg_10
pc_reg_11
pc_reg_12
pc_reg_13
pc_reg_14
pc_reg_15
pc_reg_2
pc_reg_3
pc_reg_4
pc_reg_5
pc_reg_6
pc_reg_7
pc_reg_8
pc_reg_9
phi_1_reg
phi_2_reg
phi_3_reg
phi_4_reg
phi_5_reg
phi_6_reg
present_state_reg_3
prohibited
r1200_reg_0
r1200_reg_1
r1200_reg_10
r1200_reg_11
r1200_reg_12
r1200_reg_13
r1200_reg_14
r1200_reg_15
r1200_reg_2
r1200_reg_3
r1200_reg_4
r1200_reg_5
r1200_reg_6
r1200_reg_7
r1200_reg_8
r1200_reg_9
r1336_reg_0
r1336_reg_1
r1336_reg_10
r1336_reg_11
r1336_reg_12
r1336_reg_13
r1336_reg_14
r1336_reg_15
r1336_reg_2
r1336_reg_3
r1336_reg_4
r1336_reg_5
r1336_reg_6
r1336_reg_7
r1336_reg_8
r1336_reg_9
r1477_reg_0
r1477_reg_1
r1477_reg_10
r1477_reg_11
r1477_reg_12
r1477_reg_13
r1477_reg_14
r1477_reg_15
r1477_reg_2
r1477_reg_3
r1477_reg_4
r1477_reg_5
r1477_reg_6
r1477_reg_7
r1477_reg_8
r1477_reg_9
r1633_reg_0
r1633_reg_1
r1633_reg_10
r1633_reg_11
r1633_reg_12
r1633_reg_13
r1633_reg_14
r1633_reg_15
r1633_reg_2
r1633_reg_3
r1633_reg_4
r1633_reg_5
r1633_reg_6
r1633_reg_7
r1633_reg_8
r1633_reg_9
r697_reg_0
r697_reg_1
r697_reg_10
r697_reg_11
r697_reg_12
r697_reg_13
r697_reg_14
r697_reg_15
r697_reg_2
r697_reg_3
r697_reg_4
r697_reg_5
r697_reg_6
r697_reg_7
r697_reg_8
r697_reg_9
r770_reg_0
r770_reg_1
r770_reg_10
r770_reg_11
r770_reg_12
r770_reg_13
r770_reg_14
r770_reg_15
r770_reg_2
r770_reg_3
r770_reg_4
r770_reg_5
r770_reg_6
r770_reg_7
r770_reg_8
r770_reg_9
r852_reg_0
r852_reg_1
r852_reg_10
r852_reg_11
r852_reg_12
r852_reg_13
r852_reg_14
r852_reg_15
r852_reg_2
r852_reg_3
r852_reg_4
r852_reg_5
r852_reg_6
r852_reg_7
r852_reg_8
r852_reg_9
r941_reg_0
r941_reg_1
r941_reg_10
r941_reg_11
r941_reg_12
r941_reg_13
r941_reg_14
r941_reg_15
r941_reg_2
r941_reg_3
r941_reg_4
r941_reg_5
r941_reg_6
r941_reg_7
r941_reg_8
r941_reg_9
read_spi_reg
samp_bio_reg
samp_int_reg
seen_quiet_reg
sel_op_a_reg_0
sel_op_a_reg_1
sel_op_a_reg_2
sel_op_b_reg_0
sel_op_b_reg_1
sel_op_b_reg_2
skip_one_reg
spi_sr_reg_0
spi_sr_reg_1
spi_sr_reg_2
spi_sr_reg_3
spi_sr_reg_4
spi_sr_reg_5
spi_sr_reg_6
spi_sr_reg_7
state_reg_0
state_reg_1
state_reg_2
state_reg_3
strictly
t_bit_7_reg
t_sel_7_reg
tdsp_grant_reg
tdsp_state_reg_0
tdsp_state_reg_1
tdsp_state_reg_2
third
three_cycle_reg
to
top_buf_flag_reg
top_reg_0
top_reg_1
top_reg_10
top_reg_11
top_reg_12
top_reg_13
top_reg_14
top_reg_15
top_reg_2
top_reg_3
top_reg_4
top_reg_5
top_reg_6
top_reg_7
top_reg_8
top_reg_9
update_it_reg
update_stall_reg
use
v5
vendors
