* Missing Cell Power-Grid Views

Cell Name
------------------------------------------------------------------


* Physically Disconnected Instances



* Instances with Floating Power Pins


* Disconnected Wire Segments

Layer           | Internal to Cell | Location (um)
------------------------------------------------------------------
METAL_4         | no               |(925.795, 354.125)
METAL_4         | no               |(925.795, 391.493)
METAL_4         | no               |(925.795, 428.863)
METAL_4         | no               |(925.795, 466.231)
METAL_4         | no               |(925.795, 503.601)
METAL_4         | no               |(1283.96, 354.125)
METAL_4         | no               |(1283.96, 391.493)
METAL_4         | no               |(1283.96, 428.863)
METAL_4         | no               |(1283.96, 466.231)
METAL_4         | no               |(1283.96, 503.601)
METAL_4         | no               |(694.74, 1038.2)
METAL_4         | no               |(694.74, 1000.35)
METAL_4         | no               |(694.74, 962.503)
METAL_4         | no               |(694.74, 924.655)
METAL_4         | no               |(694.74, 886.808)
METAL_4         | no               |(1284.96, 1038.2)
METAL_4         | no               |(1284.96, 1000.35)
METAL_4         | no               |(1284.96, 962.503)
METAL_4         | no               |(1284.96, 924.655)
METAL_4         | no               |(1284.96, 886.808)
METAL_4         | no               |(699.14, 830.986)
METAL_4         | no               |(699.14, 797.187)
METAL_4         | no               |(699.14, 763.388)
METAL_4         | no               |(699.14, 729.588)
METAL_4         | no               |(699.14, 695.789)
METAL_4         | no               |(1284.96, 830.986)
METAL_4         | no               |(1284.96, 797.187)
METAL_4         | no               |(1284.96, 763.388)
METAL_4         | no               |(1284.96, 729.588)
METAL_4         | no               |(1284.96, 695.789)
METAL_3         | no               |(356.28, 997.12)
METAL_3         | no               |(717.979, 843.885)


* Weakly Connected Metal Segments

Layer      | Location (um)
------------------------------------------------------------------
METAL_3    | (356.28, 997.12)
METAL_4    | (1284.96, 695.789)
METAL_4    | (1284.96, 729.588)
METAL_4    | (1284.96, 763.388)
METAL_4    | (1284.96, 797.187)
METAL_4    | (1284.96, 830.986)
METAL_4    | (699.14, 695.789)
METAL_4    | (699.14, 729.588)
METAL_4    | (699.14, 763.388)
METAL_4    | (699.14, 797.187)
METAL_4    | (699.14, 830.986)
METAL_4    | (1284.96, 886.808)
METAL_4    | (1284.96, 924.655)
METAL_4    | (1284.96, 962.503)
METAL_4    | (1284.96, 1000.35)
METAL_4    | (1284.96, 1038.2)
METAL_4    | (694.74, 886.808)
METAL_4    | (694.74, 924.655)
METAL_4    | (694.74, 962.503)
METAL_4    | (694.74, 1000.35)
METAL_4    | (694.74, 1038.2)
METAL_4    | (1283.96, 503.601)
METAL_4    | (1283.96, 466.231)
METAL_4    | (1283.96, 428.863)
METAL_4    | (1283.96, 391.493)
METAL_4    | (1283.96, 354.125)
METAL_4    | (925.795, 503.601)
METAL_4    | (925.795, 466.231)
METAL_4    | (925.795, 428.863)
METAL_4    | (925.795, 391.493)
METAL_4    | (925.795, 354.125)

Found 31 weakly connected metal segments



* Dropped Voltage Sources

